INFO - Run cluster
INFO - Checking parameters and files
INFO - Output dir will be: /n/scratch2/hsph_bioinformatic_core/lp113/geu_example/samples/work/seqcluster/cluster
INFO - Clean bam file with highly repetitive reads with low counts. sum(counts)/n_hits > 1%
INFO - Using /n/scratch2/hsph_bioinformatic_core/lp113/geu_example/samples/work/align/seqs_rmlw.bam file
INFO - Total genome with sequences: 0.000334155 
INFO - Parsing matrix file
INFO - counts after: 16676907
INFO - # sequences after: 132006
INFO - Cleaning bam file
INFO - counts after: 15910546
INFO - # sequences after: 119907
INFO - Parsing aligned file
INFO - Merging sequences
INFO - Creating clusters
INFO - 40039 Clusters read
INFO - Creating meta-clusters based on shared sequences: 119907
INFO - 492 metaclusters from 98984 sequences
INFO - 492 clusters found
INFO - counts after: 15910546
INFO - # sequences after: 119907
INFO - Solving multi-mapping events in the network of clusters
INFO - Number of loci: 40039
INFO - seqs in clusters 98344
INFO - Clusters too long to be analized: 0
INFO - Number of clusters removed because low number of reads: 102
INFO - Number of clusters with conflicts: 76
INFO - counts after: 15701436
INFO - # sequences after: 98344
INFO - Clusters up to 602
INFO - Creating bed file
INFO - Annotating clusters
INFO - Using /n/app/bcbio/dev/genomes/Hsapiens/hg19/srnaseq/srna-transcripts.gtf 
INFO - Creating json and count matrix
INFO - Output file in: /n/scratch2/hsph_bioinformatic_core/lp113/geu_example/samples/work/seqcluster/cluster
INFO - Finished
INFO - It took 27.583 minutes
